[debug] [2021-04-20T16:31:05.829Z] ----------------------------------------------------------------------
[debug] [2021-04-20T16:31:05.832Z] Command:       /usr/local/bin/node /usr/local/bin/firebase init
[debug] [2021-04-20T16:31:05.832Z] CLI Version:   9.10.0
[debug] [2021-04-20T16:31:05.832Z] Platform:      darwin
[debug] [2021-04-20T16:31:05.832Z] Node Version:  v14.5.0
[debug] [2021-04-20T16:31:05.833Z] Time:          Tue Apr 20 2021 18:31:05 GMT+0200 (Central European Summer Time)
[debug] [2021-04-20T16:31:05.833Z] ----------------------------------------------------------------------
[debug] 
[debug] [2021-04-20T16:31:05.845Z] > command requires scopes: ["email","openid","https://www.googleapis.com/auth/cloudplatformprojects.readonly","https://www.googleapis.com/auth/firebase","https://www.googleapis.com/auth/cloud-platform"]
[debug] [2021-04-20T16:31:05.845Z] > authorizing via signed-in user (ghasemighader47@gmail.com)
[info] 
     ######## #### ########  ######## ########     ###     ######  ########
     ##        ##  ##     ## ##       ##     ##  ##   ##  ##       ##
     ######    ##  ########  ######   ########  #########  ######  ######
     ##        ##  ##    ##  ##       ##     ## ##     ##       ## ##
     ##       #### ##     ## ######## ########  ##     ##  ######  ########

You're about to initialize a Firebase project in this directory:

  /Users/gg/Desktop/VueFirebasse- Ecommerce/vue-shop

[info] 
=== Project Setup
[info] 
[info] First, let's associate this project directory with a Firebase project.
[info] You can create multiple project aliases by running firebase use --add, 
[info] but for now we'll just set up a default project.
[info] 
[debug] [2021-04-20T16:33:37.938Z] >>> [apiv2][query] GET https://firebase.googleapis.com/v1beta1/projects pageSize=100
[debug] [2021-04-20T16:33:38.505Z] <<< [apiv2][status] GET https://firebase.googleapis.com/v1beta1/projects 200
[debug] [2021-04-20T16:33:38.505Z] <<< [apiv2][body] GET https://firebase.googleapis.com/v1beta1/projects [omitted]
[info] i  Using project my-shop-14c02 (My-Shop) 
[info] 
=== Firestore Setup
[debug] [2021-04-20T16:33:52.792Z] > refreshing access token with scopes: ["email","https://www.googleapis.com/auth/cloud-platform","https://www.googleapis.com/auth/cloudplatformprojects.readonly","https://www.googleapis.com/auth/firebase","openid"]
[debug] [2021-04-20T16:33:52.793Z] >>> HTTP REQUEST POST https://www.googleapis.com/oauth2/v3/token  
 <request body omitted>
[debug] [2021-04-20T16:33:53.017Z] <<< HTTP RESPONSE 200 {"expires":"Mon, 01 Jan 1990 00:00:00 GMT","cache-control":"no-cache, no-store, max-age=0, must-revalidate","pragma":"no-cache","date":"Tue, 20 Apr 2021 16:33:53 GMT","content-type":"application/json; charset=utf-8","vary":"X-Origin, Referer, Origin,Accept-Encoding","server":"scaffolding on HTTPServer2","x-xss-protection":"0","x-frame-options":"SAMEORIGIN","x-content-type-options":"nosniff","alt-svc":"h3-29=\":443\"; ma=2592000,h3-T051=\":443\"; ma=2592000,h3-Q050=\":443\"; ma=2592000,h3-Q046=\":443\"; ma=2592000,h3-Q043=\":443\"; ma=2592000,quic=\":443\"; ma=2592000; v=\"46,43\"","accept-ranges":"none","transfer-encoding":"chunked"}
[debug] [2021-04-20T16:33:53.063Z] >>> HTTP REQUEST GET https://serviceusage.googleapis.com/v1/projects/my-shop-14c02/services/firestore.googleapis.com  
 
[debug] [2021-04-20T16:34:23.309Z] Error: getaddrinfo ENOTFOUND serviceusage.googleapis.com
    at GetAddrInfoReqWrap.onlookup [as oncomplete] (dns.js:66:26)
[error] 
[error] Error: Server Error. getaddrinfo ENOTFOUND serviceusage.googleapis.com
